<?xml version="1.0" encoding="UTF-8"?>
<Site BuildName="Win32-make"
	BuildStamp="20240201-0043-Experimental"
	Name="DESKTOP-S7KD898"
	Generator="ctest-3.27.4"
	CompilerName="C:/MinGW/bin/g++.exe"
	CompilerVersion="6.3.0"
	OSName="Windows"
	Hostname="DESKTOP-S7KD898"
	OSRelease=" Professional"
	OSVersion=" (Build 19045)"
	OSPlatform="AMD64"
	Is64Bits="1"
	VendorString="AuthenticAMD"
	VendorID="Advanced Micro Devices"
	FamilyID="15"
	ModelID="1"
	ProcessorCacheSize="64"
	NumberOfLogicalCPU="12"
	NumberOfPhysicalCPU="6"
	TotalVirtualMemory="20942"
	TotalPhysicalMemory="16334"
	LogicalProcessorsPerPhysical="2"
	ProcessorClockFrequency="3599"
	>
	<Testing>
		<StartDateTime>Jan 31 20:52 Eastern Standard Time</StartDateTime>
		<StartTestTime>1706752321</StartTestTime>
		<TestList/>
		<EndDateTime>Jan 31 20:52 Eastern Standard Time</EndDateTime>
		<EndTestTime>1706752321</EndTestTime>
		<ElapsedMinutes>0</ElapsedMinutes>
	</Testing>
</Site>
